Build started 4/14/2015 11:05:11 PM.
     1>Project "C:\Users\Jon\Desktop\Repos\Mikropascal-Compiler\Mikropascal-Compiler\Mikropascal-Compiler.vcxproj" on node 2 (Build target(s)).
     1>ClCompile:
         C:\Program Files (x86)\Microsoft Visual Studio 12.0\VC\bin\CL.exe /c /ZI /nologo /W3 /WX- /sdl /Od /Oy- /D _MBCS /Gm /EHsc /RTC1 /MDd /GS /fp:precise /Zc:wchar_t /Zc:forScope /Fo"Debug\\" /Fd"Debug\vc120.pdb" /Gd /TP /analyze- /errorReport:prompt Driver.cpp Input.cpp Parser.cpp Scanner.cpp SemanticAnalyzer.cpp Symbols.cpp SyntaxTree.cpp
         SyntaxTree.cpp
         Symbols.cpp
         SemanticAnalyzer.cpp
         Scanner.cpp
     1>c:\users\jon\desktop\repos\mikropascal-compiler\mikropascal-compiler\finiteautomata.hpp(206): warning C4101: 'exception' : unreferenced local variable
     1>c:\users\jon\desktop\repos\mikropascal-compiler\mikropascal-compiler\finiteautomata.hpp(247): warning C4101: 'exception' : unreferenced local variable
         Parser.cpp
     1>c:\users\jon\desktop\repos\mikropascal-compiler\mikropascal-compiler\finiteautomata.hpp(206): warning C4101: 'exception' : unreferenced local variable
     1>c:\users\jon\desktop\repos\mikropascal-compiler\mikropascal-compiler\finiteautomata.hpp(247): warning C4101: 'exception' : unreferenced local variable
         Input.cpp
         Driver.cpp
     1>c:\users\jon\desktop\repos\mikropascal-compiler\mikropascal-compiler\finiteautomata.hpp(206): warning C4101: 'exception' : unreferenced local variable
     1>c:\users\jon\desktop\repos\mikropascal-compiler\mikropascal-compiler\finiteautomata.hpp(247): warning C4101: 'exception' : unreferenced local variable
     1>c:\users\jon\desktop\repos\mikropascal-compiler\mikropascal-compiler\driver.cpp(94): warning C4129: 'J' : unrecognized character escape sequence
         Generating Code...
       Link:
         C:\Program Files (x86)\Microsoft Visual Studio 12.0\VC\bin\link.exe /ERRORREPORT:PROMPT /OUT:"C:\Users\Jon\Desktop\Repos\Mikropascal-Compiler\Debug\Mikropascal-Compiler.exe" /INCREMENTAL /NOLOGO kernel32.lib user32.lib gdi32.lib winspool.lib comdlg32.lib advapi32.lib shell32.lib ole32.lib oleaut32.lib uuid.lib odbc32.lib odbccp32.lib /MANIFEST /MANIFESTUAC:"level='asInvoker' uiAccess='false'" /manifest:embed /DEBUG /PDB:"C:\Users\Jon\Desktop\Repos\Mikropascal-Compiler\Debug\Mikropascal-Compiler.pdb" /TLBID:1 /DYNAMICBASE /NXCOMPAT /IMPLIB:"C:\Users\Jon\Desktop\Repos\Mikropascal-Compiler\Debug\Mikropascal-Compiler.lib" /MACHINE:X86 Debug\Driver.obj
         Debug\Input.obj
         Debug\Parser.obj
         Debug\Scanner.obj
         Debug\SemanticAnalyzer.obj
         Debug\Symbols.obj
         Debug\SyntaxTree.obj
         Mikropascal-Compiler.vcxproj -> C:\Users\Jon\Desktop\Repos\Mikropascal-Compiler\Debug\Mikropascal-Compiler.exe
     1>Done Building Project "C:\Users\Jon\Desktop\Repos\Mikropascal-Compiler\Mikropascal-Compiler\Mikropascal-Compiler.vcxproj" (Build target(s)).

Build succeeded.

Time Elapsed 00:00:04.75
